TN:
SF:src\services\submitFeedback.ts
FN:16,execute
FN:11,SubmitFeedbackService
FNF:2
FNH:2
FNDA:4,execute
FNDA:1,SubmitFeedbackService
DA:1,1
DA:2,1
DA:3,1
DA:4,1
DA:5,1
DA:6,1
DA:7,1
DA:8,1
DA:9,1
DA:10,1
DA:11,1
DA:12,1
DA:13,1
DA:14,1
DA:15,1
DA:16,1
DA:17,4
DA:18,4
DA:19,4
DA:20,4
DA:21,1
DA:22,1
DA:23,3
DA:24,4
DA:25,1
DA:26,1
DA:27,2
DA:28,4
DA:29,1
DA:30,1
DA:31,1
DA:32,1
DA:33,1
DA:34,1
DA:35,1
DA:36,1
DA:37,1
DA:38,1
DA:39,1
DA:40,1
DA:41,1
DA:42,1
DA:43,1
DA:44,1
DA:45,1
DA:46,1
DA:47,1
DA:48,4
DA:49,3
DA:50,3
DA:51,4
DA:52,1
LF:52
LH:52
BRDA:16,0,0,4
BRDA:20,1,0,1
BRDA:23,2,0,3
BRDA:24,3,0,1
BRDA:27,4,0,2
BRDA:28,5,0,1
BRDA:48,6,0,3
BRDA:11,7,0,1
BRF:8
BRH:8
end_of_record
